# JRE version: OpenJDK Runtime Environment Temurin-17.0.9+9 (17.0.9+9) (build 17.0.9+9)
# Java VM: OpenJDK 64-Bit Server VM Temurin-17.0.9+9 (17.0.9+9, mixed mode, tiered, compressed oops, compressed class ptrs, parallel gc, windows-amd64)
GC Precious Log:
 CPUs: 4 total, 4 available
 Memory: 12030M
 Large Page Support: Disabled
 NUMA Support: Disabled
 Compressed Oops: Enabled (32-bit)
 Alignments: Space 512K, Generation 512K, Heap 2M
 Heap Min Capacity: 100M
 Heap Initial Capacity: 100M
 Heap Max Capacity: 1G
 Pre-touch: Disabled
 Parallel Workers: 4
Heap:
 PSYoungGen      total 54272K, used 31869K [0x00000000eab00000, 0x00000000eff00000, 0x0000000100000000)
  eden space 36864K, 68% used [0x00000000eab00000,0x00000000ec386e98,0x00000000ecf00000)
  from space 17408K, 38% used [0x00000000ed400000,0x00000000eda98770,0x00000000ee500000)
  to   space 24576K, 0% used [0x00000000ee700000,0x00000000ee700000,0x00000000eff00000)
 ParOldGen       total 348160K, used 348093K [0x00000000c0000000, 0x00000000d5400000, 0x00000000eab00000)
  object space 348160K, 99% used [0x00000000c0000000,0x00000000d53ef508,0x00000000d5400000)
 Metaspace       used 66086K, committed 67264K, reserved 1114112K
  class space    used 7458K, committed 7936K, reserved 1048576K
GC Heap History (20 events):
Event: 83.136 GC heap before
{Heap before GC invocations=579 (full 22):
 PSYoungGen      total 40960K, used 40958K [0x00000000eab00000, 0x00000000eeb00000, 0x0000000100000000)
  eden space 29696K, 100% used [0x00000000eab00000,0x00000000ec800000,0x00000000ec800000)
  from space 11264K, 99% used [0x00000000ec800000,0x00000000ed2ffb98,0x00000000ed300000)
  to   space 17408K, 0% used [0x00000000eda00000,0x00000000eda00000,0x00000000eeb00000)
 ParOldGen       total 299008K, used 284092K [0x00000000c0000000, 0x00000000d2400000, 0x00000000eab00000)
  object space 299008K, 95% used [0x00000000c0000000,0x00000000d156f3d8,0x00000000d2400000)
 Metaspace       used 66086K, committed 67264K, reserved 1114112K
  class space    used 7458K, committed 7936K, reserved 1048576K
}
Event: 83.146 GC heap after
{Heap after GC invocations=579 (full 22):
 PSYoungGen      total 44032K, used 11480K [0x00000000eab00000, 0x00000000ee580000, 0x0000000100000000)
  eden space 32256K, 0% used [0x00000000eab00000,0x00000000eab00000,0x00000000eca80000)
  from space 11776K, 97% used [0x00000000eda00000,0x00000000ee536038,0x00000000ee580000)
  to   space 13312K, 0% used [0x00000000ecb80000,0x00000000ecb80000,0x00000000ed880000)
 ParOldGen       total 299008K, used 290940K [0x00000000c0000000, 0x00000000d2400000, 0x00000000eab00000)
  object space 299008K, 97% used [0x00000000c0000000,0x00000000d1c1f150,0x00000000d2400000)
 Metaspace       used 66086K, committed 67264K, reserved 1114112K
  class space    used 7458K, committed 7936K, reserved 1048576K
}
Event: 83.334 GC heap before
{Heap before GC invocations=580 (full 22):
 PSYoungGen      total 44032K, used 43736K [0x00000000eab00000, 0x00000000ee580000, 0x0000000100000000)
  eden space 32256K, 100% used [0x00000000eab00000,0x00000000eca80000,0x00000000eca80000)
  from space 11776K, 97% used [0x00000000eda00000,0x00000000ee536038,0x00000000ee580000)
  to   space 13312K, 0% used [0x00000000ecb80000,0x00000000ecb80000,0x00000000ed880000)
 ParOldGen       total 299008K, used 290940K [0x00000000c0000000, 0x00000000d2400000, 0x00000000eab00000)
  object space 299008K, 97% used [0x00000000c0000000,0x00000000d1c1f150,0x00000000d2400000)
 Metaspace       used 66086K, committed 67264K, reserved 1114112K
  class space    used 7458K, committed 7936K, reserved 1048576K
}
Event: 83.346 GC heap after
{Heap after GC invocations=580 (full 22):
 PSYoungGen      total 46592K, used 13300K [0x00000000eab00000, 0x00000000ef500000, 0x0000000100000000)
  eden space 33280K, 0% used [0x00000000eab00000,0x00000000eab00000,0x00000000ecb80000)
  from space 13312K, 99% used [0x00000000ecb80000,0x00000000ed87d0b8,0x00000000ed880000)
  to   space 20480K, 0% used [0x00000000ee100000,0x00000000ee100000,0x00000000ef500000)
 ParOldGen       total 299008K, used 296398K [0x00000000c0000000, 0x00000000d2400000, 0x00000000eab00000)
  object space 299008K, 99% used [0x00000000c0000000,0x00000000d2173870,0x00000000d2400000)
 Metaspace       used 66086K, committed 67264K, reserved 1114112K
  class space    used 7458K, committed 7936K, reserved 1048576K
}
Event: 83.346 GC heap before
{Heap before GC invocations=581 (full 23):
 PSYoungGen      total 46592K, used 13300K [0x00000000eab00000, 0x00000000ef500000, 0x0000000100000000)
  eden space 33280K, 0% used [0x00000000eab00000,0x00000000eab00000,0x00000000ecb80000)
  from space 13312K, 99% used [0x00000000ecb80000,0x00000000ed87d0b8,0x00000000ed880000)
  to   space 20480K, 0% used [0x00000000ee100000,0x00000000ee100000,0x00000000ef500000)
 ParOldGen       total 299008K, used 296398K [0x00000000c0000000, 0x00000000d2400000, 0x00000000eab00000)
  object space 299008K, 99% used [0x00000000c0000000,0x00000000d2173870,0x00000000d2400000)
 Metaspace       used 66086K, committed 67264K, reserved 1114112K
  class space    used 7458K, committed 7936K, reserved 1048576K
}
Event: 83.593 GC heap after
{Heap after GC invocations=581 (full 23):
 PSYoungGen      total 46592K, used 8926K [0x00000000eab00000, 0x00000000ef680000, 0x0000000100000000)
  eden space 33280K, 0% used [0x00000000eab00000,0x00000000eab00000,0x00000000ecb80000)
  from space 13312K, 67% used [0x00000000ecb80000,0x00000000ed437848,0x00000000ed880000)
  to   space 20480K, 0% used [0x00000000ee280000,0x00000000ee280000,0x00000000ef680000)
 ParOldGen       total 348160K, used 298687K [0x00000000c0000000, 0x00000000d5400000, 0x00000000eab00000)
  object space 348160K, 85% used [0x00000000c0000000,0x00000000d23afdb0,0x00000000d5400000)
 Metaspace       used 66086K, committed 67264K, reserved 1114112K
  class space    used 7458K, committed 7936K, reserved 1048576K
}
Event: 83.821 GC heap before
{Heap before GC invocations=582 (full 23):
 PSYoungGen      total 46592K, used 42206K [0x00000000eab00000, 0x00000000ef680000, 0x0000000100000000)
  eden space 33280K, 100% used [0x00000000eab00000,0x00000000ecb80000,0x00000000ecb80000)
  from space 13312K, 67% used [0x00000000ecb80000,0x00000000ed437848,0x00000000ed880000)
  to   space 20480K, 0% used [0x00000000ee280000,0x00000000ee280000,0x00000000ef680000)
 ParOldGen       total 348160K, used 298687K [0x00000000c0000000, 0x00000000d5400000, 0x00000000eab00000)
  object space 348160K, 85% used [0x00000000c0000000,0x00000000d23afdb0,0x00000000d5400000)
 Metaspace       used 66086K, committed 67264K, reserved 1114112K
  class space    used 7458K, committed 7936K, reserved 1048576K
}
Event: 83.865 GC heap after
{Heap after GC invocations=582 (full 23):
 PSYoungGen      total 50688K, used 14113K [0x00000000eab00000, 0x00000000ef080000, 0x0000000100000000)
  eden space 36352K, 0% used [0x00000000eab00000,0x00000000eab00000,0x00000000ece80000)
  from space 14336K, 98% used [0x00000000ee280000,0x00000000ef048688,0x00000000ef080000)
  to   space 15872K, 0% used [0x00000000ed180000,0x00000000ed180000,0x00000000ee100000)
 ParOldGen       total 348160K, used 303580K [0x00000000c0000000, 0x00000000d5400000, 0x00000000eab00000)
  object space 348160K, 87% used [0x00000000c0000000,0x00000000d28770b8,0x00000000d5400000)
 Metaspace       used 66086K, committed 67264K, reserved 1114112K
  class space    used 7458K, committed 7936K, reserved 1048576K
}
Event: 84.095 GC heap before
{Heap before GC invocations=583 (full 23):
 PSYoungGen      total 50688K, used 50465K [0x00000000eab00000, 0x00000000ef080000, 0x0000000100000000)
  eden space 36352K, 100% used [0x00000000eab00000,0x00000000ece80000,0x00000000ece80000)
  from space 14336K, 98% used [0x00000000ee280000,0x00000000ef048688,0x00000000ef080000)
  to   space 15872K, 0% used [0x00000000ed180000,0x00000000ed180000,0x00000000ee100000)
 ParOldGen       total 348160K, used 303580K [0x00000000c0000000, 0x00000000d5400000, 0x00000000eab00000)
  object space 348160K, 87% used [0x00000000c0000000,0x00000000d28770b8,0x00000000d5400000)
 Metaspace       used 66086K, committed 67264K, reserved 1114112K
  class space    used 7458K, committed 7936K, reserved 1048576K
}
Event: 84.110 GC heap after
{Heap after GC invocations=583 (full 23):
 PSYoungGen      total 55296K, used 15851K [0x00000000eab00000, 0x00000000efe80000, 0x0000000100000000)
  eden space 39424K, 0% used [0x00000000eab00000,0x00000000eab00000,0x00000000ed180000)
  from space 15872K, 99% used [0x00000000ed180000,0x00000000ee0faec8,0x00000000ee100000)
  to   space 23040K, 0% used [0x00000000ee800000,0x00000000ee800000,0x00000000efe80000)
 ParOldGen       total 348160K, used 309201K [0x00000000c0000000, 0x00000000d5400000, 0x00000000eab00000)
  object space 348160K, 88% used [0x00000000c0000000,0x00000000d2df46b0,0x00000000d5400000)
 Metaspace       used 66086K, committed 67264K, reserved 1114112K
  class space    used 7458K, committed 7936K, reserved 1048576K
}
Event: 84.677 GC heap before
{Heap before GC invocations=584 (full 23):
 PSYoungGen      total 55296K, used 55275K [0x00000000eab00000, 0x00000000efe80000, 0x0000000100000000)
  eden space 39424K, 100% used [0x00000000eab00000,0x00000000ed180000,0x00000000ed180000)
  from space 15872K, 99% used [0x00000000ed180000,0x00000000ee0faec8,0x00000000ee100000)
  to   space 23040K, 0% used [0x00000000ee800000,0x00000000ee800000,0x00000000efe80000)
 ParOldGen       total 348160K, used 309201K [0x00000000c0000000, 0x00000000d5400000, 0x00000000eab00000)
  object space 348160K, 88% used [0x00000000c0000000,0x00000000d2df46b0,0x00000000d5400000)
 Metaspace       used 66086K, committed 67264K, reserved 1114112K
  class space    used 7458K, committed 7936K, reserved 1048576K
}
Event: 84.698 GC heap after
{Heap after GC invocations=584 (full 23):
 PSYoungGen      total 52224K, used 13237K [0x00000000eab00000, 0x00000000ef500000, 0x0000000100000000)
  eden space 38912K, 0% used [0x00000000eab00000,0x00000000eab00000,0x00000000ed100000)
  from space 13312K, 99% used [0x00000000ee800000,0x00000000ef4ed690,0x00000000ef500000)
  to   space 16384K, 0% used [0x00000000ed500000,0x00000000ed500000,0x00000000ee500000)
 ParOldGen       total 348160K, used 320427K [0x00000000c0000000, 0x00000000d5400000, 0x00000000eab00000)
  object space 348160K, 92% used [0x00000000c0000000,0x00000000d38ead10,0x00000000d5400000)
 Metaspace       used 66086K, committed 67264K, reserved 1114112K
  class space    used 7458K, committed 7936K, reserved 1048576K
}
Event: 84.860 GC heap before
{Heap before GC invocations=585 (full 23):
 PSYoungGen      total 52224K, used 52149K [0x00000000eab00000, 0x00000000ef500000, 0x0000000100000000)
  eden space 38912K, 100% used [0x00000000eab00000,0x00000000ed100000,0x00000000ed100000)
  from space 13312K, 99% used [0x00000000ee800000,0x00000000ef4ed690,0x00000000ef500000)
  to   space 16384K, 0% used [0x00000000ed500000,0x00000000ed500000,0x00000000ee500000)
 ParOldGen       total 348160K, used 320427K [0x00000000c0000000, 0x00000000d5400000, 0x00000000eab00000)
  object space 348160K, 92% used [0x00000000c0000000,0x00000000d38ead10,0x00000000d5400000)
 Metaspace       used 66086K, committed 67264K, reserved 1114112K
  class space    used 7458K, committed 7936K, reserved 1048576K
}
Event: 84.872 GC heap after
{Heap after GC invocations=585 (full 23):
 PSYoungGen      total 54784K, used 16360K [0x00000000eab00000, 0x00000000efe80000, 0x0000000100000000)
  eden space 38400K, 0% used [0x00000000eab00000,0x00000000eab00000,0x00000000ed080000)
  from space 16384K, 99% used [0x00000000ed500000,0x00000000ee4fa338,0x00000000ee500000)
  to   space 23552K, 0% used [0x00000000ee780000,0x00000000ee780000,0x00000000efe80000)
 ParOldGen       total 348160K, used 325870K [0x00000000c0000000, 0x00000000d5400000, 0x00000000eab00000)
  object space 348160K, 93% used [0x00000000c0000000,0x00000000d3e3ba08,0x00000000d5400000)
 Metaspace       used 66086K, committed 67264K, reserved 1114112K
  class space    used 7458K, committed 7936K, reserved 1048576K
}
Event: 85.034 GC heap before
{Heap before GC invocations=586 (full 23):
 PSYoungGen      total 54784K, used 54760K [0x00000000eab00000, 0x00000000efe80000, 0x0000000100000000)
  eden space 38400K, 100% used [0x00000000eab00000,0x00000000ed080000,0x00000000ed080000)
  from space 16384K, 99% used [0x00000000ed500000,0x00000000ee4fa338,0x00000000ee500000)
  to   space 23552K, 0% used [0x00000000ee780000,0x00000000ee780000,0x00000000efe80000)
 ParOldGen       total 348160K, used 325870K [0x00000000c0000000, 0x00000000d5400000, 0x00000000eab00000)
  object space 348160K, 93% used [0x00000000c0000000,0x00000000d3e3ba08,0x00000000d5400000)
 Metaspace       used 66086K, committed 67264K, reserved 1114112K
  class space    used 7458K, committed 7936K, reserved 1048576K
}
Event: 85.049 GC heap after
{Heap after GC invocations=586 (full 23):
 PSYoungGen      total 52736K, used 14672K [0x00000000eab00000, 0x00000000ef600000, 0x0000000100000000)
  eden space 37888K, 0% used [0x00000000eab00000,0x00000000eab00000,0x00000000ed000000)
  from space 14848K, 98% used [0x00000000ee780000,0x00000000ef5d43b0,0x00000000ef600000)
  to   space 17408K, 0% used [0x00000000ed400000,0x00000000ed400000,0x00000000ee500000)
 ParOldGen       total 348160K, used 336113K [0x00000000c0000000, 0x00000000d5400000, 0x00000000eab00000)
  object space 348160K, 96% used [0x00000000c0000000,0x00000000d483c428,0x00000000d5400000)
 Metaspace       used 66086K, committed 67264K, reserved 1114112K
  class space    used 7458K, committed 7936K, reserved 1048576K
}
Event: 85.223 GC heap before
{Heap before GC invocations=587 (full 23):
 PSYoungGen      total 52736K, used 52560K [0x00000000eab00000, 0x00000000ef600000, 0x0000000100000000)
  eden space 37888K, 100% used [0x00000000eab00000,0x00000000ed000000,0x00000000ed000000)
  from space 14848K, 98% used [0x00000000ee780000,0x00000000ef5d43b0,0x00000000ef600000)
  to   space 17408K, 0% used [0x00000000ed400000,0x00000000ed400000,0x00000000ee500000)
 ParOldGen       total 348160K, used 336113K [0x00000000c0000000, 0x00000000d5400000, 0x00000000eab00000)
  object space 348160K, 96% used [0x00000000c0000000,0x00000000d483c428,0x00000000d5400000)
 Metaspace       used 66086K, committed 67264K, reserved 1114112K
  class space    used 7458K, committed 7936K, reserved 1048576K
}
Event: 85.236 GC heap after
{Heap after GC invocations=587 (full 23):
 PSYoungGen      total 54784K, used 17388K [0x00000000eab00000, 0x00000000eff80000, 0x0000000100000000)
  eden space 37376K, 0% used [0x00000000eab00000,0x00000000eab00000,0x00000000ecf80000)
  from space 17408K, 99% used [0x00000000ed400000,0x00000000ee4fb320,0x00000000ee500000)
  to   space 24576K, 0% used [0x00000000ee780000,0x00000000ee780000,0x00000000eff80000)
 ParOldGen       total 348160K, used 341361K [0x00000000c0000000, 0x00000000d5400000, 0x00000000eab00000)
  object space 348160K, 98% used [0x00000000c0000000,0x00000000d4d5c748,0x00000000d5400000)
 Metaspace       used 66086K, committed 67264K, reserved 1114112K
  class space    used 7458K, committed 7936K, reserved 1048576K
}
Event: 85.236 GC heap before
{Heap before GC invocations=588 (full 24):
 PSYoungGen      total 54784K, used 17388K [0x00000000eab00000, 0x00000000eff80000, 0x0000000100000000)
  eden space 37376K, 0% used [0x00000000eab00000,0x00000000eab00000,0x00000000ecf80000)
  from space 17408K, 99% used [0x00000000ed400000,0x00000000ee4fb320,0x00000000ee500000)
  to   space 24576K, 0% used [0x00000000ee780000,0x00000000ee780000,0x00000000eff80000)
 ParOldGen       total 348160K, used 341361K [0x00000000c0000000, 0x00000000d5400000, 0x00000000eab00000)
  object space 348160K, 98% used [0x00000000c0000000,0x00000000d4d5c748,0x00000000d5400000)
 Metaspace       used 66086K, committed 67264K, reserved 1114112K
  class space    used 7458K, committed 7936K, reserved 1048576K
}
Event: 85.421 GC heap after
{Heap after GC invocations=588 (full 24):
 PSYoungGen      total 54272K, used 6753K [0x00000000eab00000, 0x00000000eff00000, 0x0000000100000000)
  eden space 36864K, 0% used [0x00000000eab00000,0x00000000eab00000,0x00000000ecf00000)
  from space 17408K, 38% used [0x00000000ed400000,0x00000000eda98770,0x00000000ee500000)
  to   space 24576K, 0% used [0x00000000ee700000,0x00000000ee700000,0x00000000eff00000)
 ParOldGen       total 348160K, used 348093K [0x00000000c0000000, 0x00000000d5400000, 0x00000000eab00000)
  object space 348160K, 99% used [0x00000000c0000000,0x00000000d53ef508,0x00000000d5400000)
 Metaspace       used 66086K, committed 67264K, reserved 1114112K
  class space    used 7458K, committed 7936K, reserved 1048576K
}

